# JRE version: OpenJDK Runtime Environment (11.0.13) (build 11.0.13+0-b1751.21-8125866)
# Java VM: OpenJDK 64-Bit Server VM (11.0.13+0-b1751.21-8125866, mixed mode, tiered, compressed oops, g1 gc, windows-amd64)
Heap:
 garbage-first heap   total 808960K, used 199816K [0x00000000a0000000, 0x0000000100000000)
  region size 1024K, 8 young (8192K), 8 survivors (8192K)
 Metaspace       used 122332K, capacity 126038K, committed 126152K, reserved 1159168K
  class space    used 15305K, capacity 16659K, committed 16768K, reserved 1048576K
GC Heap History (20 events):
Event: 1878.726 GC heap after
{Heap after GC invocations=154 (full 0):
 garbage-first heap   total 300032K, used 190174K [0x00000000a0000000, 0x0000000100000000)
  region size 1024K, 6 young (6144K), 6 survivors (6144K)
 Metaspace       used 122329K, capacity 126038K, committed 126152K, reserved 1159168K
  class space    used 15305K, capacity 16659K, committed 16768K, reserved 1048576K
}
Event: 1878.779 GC heap before
{Heap before GC invocations=154 (full 0):
 garbage-first heap   total 300032K, used 260830K [0x00000000a0000000, 0x0000000100000000)
  region size 1024K, 77 young (78848K), 6 survivors (6144K)
 Metaspace       used 122329K, capacity 126038K, committed 126152K, reserved 1159168K
  class space    used 15305K, capacity 16659K, committed 16768K, reserved 1048576K
}
Event: 1878.783 GC heap after
{Heap after GC invocations=155 (full 0):
 garbage-first heap   total 300032K, used 191017K [0x00000000a0000000, 0x0000000100000000)
  region size 1024K, 6 young (6144K), 6 survivors (6144K)
 Metaspace       used 122329K, capacity 126038K, committed 126152K, reserved 1159168K
  class space    used 15305K, capacity 16659K, committed 16768K, reserved 1048576K
}
Event: 1878.850 GC heap before
{Heap before GC invocations=155 (full 0):
 garbage-first heap   total 300032K, used 261673K [0x00000000a0000000, 0x0000000100000000)
  region size 1024K, 77 young (78848K), 6 survivors (6144K)
 Metaspace       used 122329K, capacity 126038K, committed 126152K, reserved 1159168K
  class space    used 15305K, capacity 16659K, committed 16768K, reserved 1048576K
}
Event: 1878.858 GC heap after
{Heap after GC invocations=156 (full 0):
 garbage-first heap   total 300032K, used 191739K [0x00000000a0000000, 0x0000000100000000)
  region size 1024K, 6 young (6144K), 6 survivors (6144K)
 Metaspace       used 122329K, capacity 126038K, committed 126152K, reserved 1159168K
  class space    used 15305K, capacity 16659K, committed 16768K, reserved 1048576K
}
Event: 1878.919 GC heap before
{Heap before GC invocations=156 (full 0):
 garbage-first heap   total 300032K, used 261371K [0x00000000a0000000, 0x0000000100000000)
  region size 1024K, 75 young (76800K), 6 survivors (6144K)
 Metaspace       used 122329K, capacity 126038K, committed 126152K, reserved 1159168K
  class space    used 15305K, capacity 16659K, committed 16768K, reserved 1048576K
}
Event: 1878.924 GC heap after
{Heap after GC invocations=157 (full 0):
 garbage-first heap   total 300032K, used 192025K [0x00000000a0000000, 0x0000000100000000)
  region size 1024K, 6 young (6144K), 6 survivors (6144K)
 Metaspace       used 122329K, capacity 126038K, committed 126152K, reserved 1159168K
  class space    used 15305K, capacity 16659K, committed 16768K, reserved 1048576K
}
Event: 1879.059 GC heap before
{Heap before GC invocations=157 (full 0):
 garbage-first heap   total 300032K, used 261657K [0x00000000a0000000, 0x0000000100000000)
  region size 1024K, 75 young (76800K), 6 survivors (6144K)
 Metaspace       used 122329K, capacity 126038K, committed 126152K, reserved 1159168K
  class space    used 15305K, capacity 16659K, committed 16768K, reserved 1048576K
}
Event: 1879.194 GC heap after
{Heap after GC invocations=158 (full 0):
 garbage-first heap   total 351232K, used 191449K [0x00000000a0000000, 0x0000000100000000)
  region size 1024K, 5 young (5120K), 5 survivors (5120K)
 Metaspace       used 122329K, capacity 126038K, committed 126152K, reserved 1159168K
  class space    used 15305K, capacity 16659K, committed 16768K, reserved 1048576K
}
Event: 1879.389 GC heap before
{Heap before GC invocations=158 (full 0):
 garbage-first heap   total 351232K, used 289753K [0x00000000a0000000, 0x0000000100000000)
  region size 1024K, 103 young (105472K), 5 survivors (5120K)
 Metaspace       used 122329K, capacity 126038K, committed 126152K, reserved 1159168K
  class space    used 15305K, capacity 16659K, committed 16768K, reserved 1048576K
}
Event: 1879.394 GC heap after
{Heap after GC invocations=159 (full 0):
 garbage-first heap   total 351232K, used 192059K [0x00000000a0000000, 0x0000000100000000)
  region size 1024K, 6 young (6144K), 6 survivors (6144K)
 Metaspace       used 122329K, capacity 126038K, committed 126152K, reserved 1159168K
  class space    used 15305K, capacity 16659K, committed 16768K, reserved 1048576K
}
Event: 1879.637 GC heap before
{Heap before GC invocations=159 (full 0):
 garbage-first heap   total 351232K, used 296507K [0x00000000a0000000, 0x0000000100000000)
  region size 1024K, 106 young (108544K), 6 survivors (6144K)
 Metaspace       used 122329K, capacity 126038K, committed 126152K, reserved 1159168K
  class space    used 15305K, capacity 16659K, committed 16768K, reserved 1048576K
}
Event: 1879.642 GC heap after
{Heap after GC invocations=160 (full 0):
 garbage-first heap   total 351232K, used 196879K [0x00000000a0000000, 0x0000000100000000)
  region size 1024K, 7 young (7168K), 7 survivors (7168K)
 Metaspace       used 122329K, capacity 126038K, committed 126152K, reserved 1159168K
  class space    used 15305K, capacity 16659K, committed 16768K, reserved 1048576K
}
Event: 1879.761 GC heap before
{Heap before GC invocations=160 (full 0):
 garbage-first heap   total 351232K, used 296207K [0x00000000a0000000, 0x0000000100000000)
  region size 1024K, 105 young (107520K), 7 survivors (7168K)
 Metaspace       used 122329K, capacity 126038K, committed 126152K, reserved 1159168K
  class space    used 15305K, capacity 16659K, committed 16768K, reserved 1048576K
}
Event: 1879.766 GC heap after
{Heap after GC invocations=161 (full 0):
 garbage-first heap   total 351232K, used 197314K [0x00000000a0000000, 0x0000000100000000)
  region size 1024K, 7 young (7168K), 7 survivors (7168K)
 Metaspace       used 122329K, capacity 126038K, committed 126152K, reserved 1159168K
  class space    used 15305K, capacity 16659K, committed 16768K, reserved 1048576K
}
Event: 1879.903 GC heap before
{Heap before GC invocations=161 (full 0):
 garbage-first heap   total 351232K, used 302786K [0x00000000a0000000, 0x0000000100000000)
  region size 1024K, 108 young (110592K), 7 survivors (7168K)
 Metaspace       used 122331K, capacity 126038K, committed 126152K, reserved 1159168K
  class space    used 15305K, capacity 16659K, committed 16768K, reserved 1048576K
}
Event: 1879.908 GC heap after
{Heap after GC invocations=162 (full 0):
 garbage-first heap   total 351232K, used 198211K [0x00000000a0000000, 0x0000000100000000)
  region size 1024K, 7 young (7168K), 7 survivors (7168K)
 Metaspace       used 122331K, capacity 126038K, committed 126152K, reserved 1159168K
  class space    used 15305K, capacity 16659K, committed 16768K, reserved 1048576K
}
Event: 1880.187 GC heap before
{Heap before GC invocations=162 (full 0):
 garbage-first heap   total 351232K, used 300611K [0x00000000a0000000, 0x0000000100000000)
  region size 1024K, 109 young (111616K), 7 survivors (7168K)
 Metaspace       used 122332K, capacity 126038K, committed 126152K, reserved 1159168K
  class space    used 15305K, capacity 16659K, committed 16768K, reserved 1048576K
}
Event: 1880.194 GC heap after
{Heap after GC invocations=163 (full 0):
 garbage-first heap   total 351232K, used 198730K [0x00000000a0000000, 0x0000000100000000)
  region size 1024K, 8 young (8192K), 8 survivors (8192K)
 Metaspace       used 122332K, capacity 126038K, committed 126152K, reserved 1159168K
  class space    used 15305K, capacity 16659K, committed 16768K, reserved 1048576K
}
Event: 1880.307 GC heap before
{Heap before GC invocations=163 (full 0):
 garbage-first heap   total 351232K, used 302154K [0x00000000a0000000, 0x0000000100000000)
  region size 1024K, 110 young (112640K), 8 survivors (8192K)
 Metaspace       used 122332K, capacity 126038K, committed 126152K, reserved 1159168K
  class space    used 15305K, capacity 16659K, committed 16768K, reserved 1048576K
}

