# JRE version: OpenJDK Runtime Environment (11.0.13) (build 11.0.13+0-b1751.21-8125866)
# Java VM: OpenJDK 64-Bit Server VM (11.0.13+0-b1751.21-8125866, mixed mode, tiered, compressed oops, g1 gc, windows-amd64)
Heap:
 garbage-first heap   total 98304K, used 29864K [0x00000000a0e00000, 0x0000000100000000)
  region size 1024K, 14 young (14336K), 5 survivors (5120K)
 Metaspace       used 32316K, capacity 32783K, committed 33020K, reserved 1079296K
  class space    used 3789K, capacity 3992K, committed 4092K, reserved 1048576K
GC Heap History (6 events):
Event: 0.594 GC heap before
{Heap before GC invocations=0 (full 0):
 garbage-first heap   total 98304K, used 28672K [0x00000000a0e00000, 0x0000000100000000)
  region size 1024K, 24 young (24576K), 0 survivors (0K)
 Metaspace       used 11993K, capacity 12082K, committed 12160K, reserved 1060864K
  class space    used 1066K, capacity 1109K, committed 1152K, reserved 1048576K
}
Event: 0.601 GC heap after
{Heap after GC invocations=1 (full 0):
 garbage-first heap   total 98304K, used 7481K [0x00000000a0e00000, 0x0000000100000000)
  region size 1024K, 3 young (3072K), 3 survivors (3072K)
 Metaspace       used 11993K, capacity 12082K, committed 12160K, reserved 1060864K
  class space    used 1066K, capacity 1109K, committed 1152K, reserved 1048576K
}
Event: 1.314 GC heap before
{Heap before GC invocations=1 (full 0):
 garbage-first heap   total 98304K, used 45369K [0x00000000a0e00000, 0x0000000100000000)
  region size 1024K, 41 young (41984K), 3 survivors (3072K)
 Metaspace       used 20984K, capacity 21195K, committed 21248K, reserved 1069056K
  class space    used 2218K, capacity 2301K, committed 2304K, reserved 1048576K
}
Event: 1.333 GC heap after
{Heap after GC invocations=2 (full 0):
 garbage-first heap   total 98304K, used 11225K [0x00000000a0e00000, 0x0000000100000000)
  region size 1024K, 7 young (7168K), 7 survivors (7168K)
 Metaspace       used 20984K, capacity 21195K, committed 21248K, reserved 1069056K
  class space    used 2218K, capacity 2301K, committed 2304K, reserved 1048576K
}
Event: 2.324 GC heap before
{Heap before GC invocations=3 (full 0):
 garbage-first heap   total 98304K, used 59353K [0x00000000a0e00000, 0x0000000100000000)
  region size 1024K, 50 young (51200K), 7 survivors (7168K)
 Metaspace       used 31976K, capacity 32493K, committed 32764K, reserved 1077248K
  class space    used 3751K, capacity 3960K, committed 4092K, reserved 1048576K
}
Event: 2.343 GC heap after
{Heap after GC invocations=4 (full 0):
 garbage-first heap   total 98304K, used 19624K [0x00000000a0e00000, 0x0000000100000000)
  region size 1024K, 5 young (5120K), 5 survivors (5120K)
 Metaspace       used 31976K, capacity 32493K, committed 32764K, reserved 1077248K
  class space    used 3751K, capacity 3960K, committed 4092K, reserved 1048576K
}

