# JRE version: OpenJDK Runtime Environment (11.0.13) (build 11.0.13+0-b1751.21-8125866)
# Java VM: OpenJDK 64-Bit Server VM (11.0.13+0-b1751.21-8125866, mixed mode, tiered, compressed oops, g1 gc, windows-amd64)
Heap:
 garbage-first heap   total 235520K, used 106109K [0x00000000a0000000, 0x0000000100000000)
  region size 1024K, 3 young (3072K), 3 survivors (3072K)
 Metaspace       used 91665K, capacity 93885K, committed 94076K, reserved 1130496K
  class space    used 11785K, capacity 12667K, committed 12748K, reserved 1048576K
GC Heap History (20 events):
Event: 11.915 GC heap after
{Heap after GC invocations=25 (full 0):
 garbage-first heap   total 118784K, used 60103K [0x00000000a0000000, 0x0000000100000000)
  region size 1024K, 3 young (3072K), 3 survivors (3072K)
 Metaspace       used 66433K, capacity 67932K, committed 68092K, reserved 1107968K
  class space    used 8366K, capacity 8937K, committed 9036K, reserved 1048576K
}
Event: 12.255 GC heap before
{Heap before GC invocations=25 (full 0):
 garbage-first heap   total 118784K, used 87751K [0x00000000a0000000, 0x0000000100000000)
  region size 1024K, 30 young (30720K), 3 survivors (3072K)
 Metaspace       used 67884K, capacity 69390K, committed 69500K, reserved 1110016K
  class space    used 8547K, capacity 9139K, committed 9164K, reserved 1048576K
}
Event: 12.264 GC heap after
{Heap after GC invocations=26 (full 0):
 garbage-first heap   total 143360K, used 62316K [0x00000000a0000000, 0x0000000100000000)
  region size 1024K, 4 young (4096K), 4 survivors (4096K)
 Metaspace       used 67884K, capacity 69390K, committed 69500K, reserved 1110016K
  class space    used 8547K, capacity 9139K, committed 9164K, reserved 1048576K
}
Event: 12.593 GC heap before
{Heap before GC invocations=27 (full 0):
 garbage-first heap   total 143360K, used 99180K [0x00000000a0000000, 0x0000000100000000)
  region size 1024K, 40 young (40960K), 4 survivors (4096K)
 Metaspace       used 68673K, capacity 70262K, committed 70396K, reserved 1110016K
  class space    used 8621K, capacity 9238K, committed 9292K, reserved 1048576K
}
Event: 12.599 GC heap after
{Heap after GC invocations=28 (full 0):
 garbage-first heap   total 143360K, used 64779K [0x00000000a0000000, 0x0000000100000000)
  region size 1024K, 5 young (5120K), 5 survivors (5120K)
 Metaspace       used 68673K, capacity 70262K, committed 70396K, reserved 1110016K
  class space    used 8621K, capacity 9238K, committed 9292K, reserved 1048576K
}
Event: 13.272 GC heap before
{Heap before GC invocations=28 (full 0):
 garbage-first heap   total 143360K, used 102667K [0x00000000a0000000, 0x0000000100000000)
  region size 1024K, 42 young (43008K), 5 survivors (5120K)
 Metaspace       used 73254K, capacity 74767K, committed 75004K, reserved 1114112K
  class space    used 9399K, capacity 9987K, committed 10060K, reserved 1048576K
}
Event: 13.279 GC heap after
{Heap after GC invocations=29 (full 0):
 garbage-first heap   total 143360K, used 66947K [0x00000000a0000000, 0x0000000100000000)
  region size 1024K, 5 young (5120K), 5 survivors (5120K)
 Metaspace       used 73254K, capacity 74767K, committed 75004K, reserved 1114112K
  class space    used 9399K, capacity 9987K, committed 10060K, reserved 1048576K
}
Event: 13.974 GC heap before
{Heap before GC invocations=29 (full 0):
 garbage-first heap   total 143360K, used 105859K [0x00000000a0000000, 0x0000000100000000)
  region size 1024K, 43 young (44032K), 5 survivors (5120K)
 Metaspace       used 76541K, capacity 78204K, committed 78332K, reserved 1118208K
  class space    used 9858K, capacity 10499K, committed 10572K, reserved 1048576K
}
Event: 13.981 GC heap after
{Heap after GC invocations=30 (full 0):
 garbage-first heap   total 143360K, used 69496K [0x00000000a0000000, 0x0000000100000000)
  region size 1024K, 5 young (5120K), 5 survivors (5120K)
 Metaspace       used 76541K, capacity 78204K, committed 78332K, reserved 1118208K
  class space    used 9858K, capacity 10499K, committed 10572K, reserved 1048576K
}
Event: 14.627 GC heap before
{Heap before GC invocations=30 (full 0):
 garbage-first heap   total 143360K, used 108408K [0x00000000a0000000, 0x0000000100000000)
  region size 1024K, 43 young (44032K), 5 survivors (5120K)
 Metaspace       used 81056K, capacity 82737K, committed 82812K, reserved 1120256K
  class space    used 10477K, capacity 11139K, committed 11212K, reserved 1048576K
}
Event: 14.639 GC heap after
{Heap after GC invocations=31 (full 0):
 garbage-first heap   total 172032K, used 71608K [0x00000000a0000000, 0x0000000100000000)
  region size 1024K, 5 young (5120K), 5 survivors (5120K)
 Metaspace       used 81056K, capacity 82737K, committed 82812K, reserved 1120256K
  class space    used 10477K, capacity 11139K, committed 11212K, reserved 1048576K
}
Event: 15.363 GC heap before
{Heap before GC invocations=32 (full 0):
 garbage-first heap   total 172032K, used 122808K [0x00000000a0000000, 0x0000000100000000)
  region size 1024K, 56 young (57344K), 5 survivors (5120K)
 Metaspace       used 85020K, capacity 86978K, committed 87036K, reserved 1124352K
  class space    used 11090K, capacity 11832K, committed 11852K, reserved 1048576K
}
Event: 15.374 GC heap after
{Heap after GC invocations=33 (full 0):
 garbage-first heap   total 172032K, used 76154K [0x00000000a0000000, 0x0000000100000000)
  region size 1024K, 7 young (7168K), 7 survivors (7168K)
 Metaspace       used 85020K, capacity 86978K, committed 87036K, reserved 1124352K
  class space    used 11090K, capacity 11832K, committed 11852K, reserved 1048576K
}
Event: 16.092 GC heap before
{Heap before GC invocations=33 (full 0):
 garbage-first heap   total 172032K, used 127354K [0x00000000a0000000, 0x0000000100000000)
  region size 1024K, 58 young (59392K), 7 survivors (7168K)
 Metaspace       used 86248K, capacity 88409K, committed 88572K, reserved 1126400K
  class space    used 11256K, capacity 12102K, committed 12108K, reserved 1048576K
}
Event: 16.102 GC heap after
{Heap after GC invocations=34 (full 0):
 garbage-first heap   total 172032K, used 79646K [0x00000000a0000000, 0x0000000100000000)
  region size 1024K, 4 young (4096K), 4 survivors (4096K)
 Metaspace       used 86248K, capacity 88409K, committed 88572K, reserved 1126400K
  class space    used 11256K, capacity 12102K, committed 12108K, reserved 1048576K
}
Event: 16.553 GC heap before
{Heap before GC invocations=34 (full 0):
 garbage-first heap   total 172032K, used 122654K [0x00000000a0000000, 0x0000000100000000)
  region size 1024K, 48 young (49152K), 4 survivors (4096K)
 Metaspace       used 87656K, capacity 89896K, committed 90108K, reserved 1126400K
  class space    used 11367K, capacity 12268K, committed 12364K, reserved 1048576K
}
Event: 16.562 GC heap after
{Heap after GC invocations=35 (full 0):
 garbage-first heap   total 172032K, used 82107K [0x00000000a0000000, 0x0000000100000000)
  region size 1024K, 7 young (7168K), 7 survivors (7168K)
 Metaspace       used 87656K, capacity 89896K, committed 90108K, reserved 1126400K
  class space    used 11367K, capacity 12268K, committed 12364K, reserved 1048576K
}
Event: 17.217 GC heap before
{Heap before GC invocations=36 (full 0):
 garbage-first heap   total 172032K, used 131259K [0x00000000a0000000, 0x0000000100000000)
  region size 1024K, 54 young (55296K), 7 survivors (7168K)
 Metaspace       used 89045K, capacity 91221K, committed 91516K, reserved 1128448K
  class space    used 11506K, capacity 12371K, committed 12492K, reserved 1048576K
}
Event: 17.279 GC heap after
{Heap after GC invocations=37 (full 0):
 garbage-first heap   total 172032K, used 103127K [0x00000000a0000000, 0x0000000100000000)
  region size 1024K, 8 young (8192K), 8 survivors (8192K)
 Metaspace       used 89045K, capacity 91221K, committed 91516K, reserved 1128448K
  class space    used 11506K, capacity 12371K, committed 12492K, reserved 1048576K
}
Event: 17.966 GC heap before
{Heap before GC invocations=38 (full 0):
 garbage-first heap   total 172032K, used 152279K [0x00000000a0000000, 0x0000000100000000)
  region size 1024K, 40 young (40960K), 8 survivors (8192K)
 Metaspace       used 91665K, capacity 93885K, committed 94076K, reserved 1130496K
  class space    used 11785K, capacity 12667K, committed 12748K, reserved 1048576K
}

