# JRE version: OpenJDK Runtime Environment (11.0.13) (build 11.0.13+0-b1751.21-8125866)
# Java VM: OpenJDK 64-Bit Server VM (11.0.13+0-b1751.21-8125866, mixed mode, tiered, compressed oops, g1 gc, windows-amd64)
Heap:
 garbage-first heap   total 136192K, used 28427K [0x00000000a0e00000, 0x0000000100000000)
  region size 1024K, 5 young (5120K), 5 survivors (5120K)
 Metaspace       used 42830K, capacity 43404K, committed 43520K, reserved 1087488K
  class space    used 5071K, capacity 5289K, committed 5376K, reserved 1048576K
GC Heap History (9 events):
Event: 0.619 GC heap before
{Heap before GC invocations=0 (full 0):
 garbage-first heap   total 98304K, used 28672K [0x00000000a0e00000, 0x0000000100000000)
  region size 1024K, 24 young (24576K), 0 survivors (0K)
 Metaspace       used 12050K, capacity 12213K, committed 12416K, reserved 1060864K
  class space    used 1071K, capacity 1110K, committed 1152K, reserved 1048576K
}
Event: 0.627 GC heap after
{Heap after GC invocations=1 (full 0):
 garbage-first heap   total 98304K, used 7309K [0x00000000a0e00000, 0x0000000100000000)
  region size 1024K, 3 young (3072K), 3 survivors (3072K)
 Metaspace       used 12050K, capacity 12213K, committed 12416K, reserved 1060864K
  class space    used 1071K, capacity 1110K, committed 1152K, reserved 1048576K
}
Event: 1.347 GC heap before
{Heap before GC invocations=1 (full 0):
 garbage-first heap   total 98304K, used 45197K [0x00000000a0e00000, 0x0000000100000000)
  region size 1024K, 41 young (41984K), 3 survivors (3072K)
 Metaspace       used 20927K, capacity 21195K, committed 21248K, reserved 1069056K
  class space    used 2209K, capacity 2301K, committed 2304K, reserved 1048576K
}
Event: 1.366 GC heap after
{Heap after GC invocations=2 (full 0):
 garbage-first heap   total 98304K, used 11405K [0x00000000a0e00000, 0x0000000100000000)
  region size 1024K, 7 young (7168K), 7 survivors (7168K)
 Metaspace       used 20927K, capacity 21195K, committed 21248K, reserved 1069056K
  class space    used 2209K, capacity 2301K, committed 2304K, reserved 1048576K
}
Event: 2.223 GC heap before
{Heap before GC invocations=3 (full 0):
 garbage-first heap   total 98304K, used 59533K [0x00000000a0e00000, 0x0000000100000000)
  region size 1024K, 50 young (51200K), 7 survivors (7168K)
 Metaspace       used 31946K, capacity 32429K, committed 32640K, reserved 1077248K
  class space    used 3751K, capacity 3960K, committed 3968K, reserved 1048576K
}
Event: 2.246 GC heap after
{Heap after GC invocations=4 (full 0):
 garbage-first heap   total 98304K, used 19782K [0x00000000a0e00000, 0x0000000100000000)
  region size 1024K, 5 young (5120K), 5 survivors (5120K)
 Metaspace       used 31946K, capacity 32429K, committed 32640K, reserved 1077248K
  class space    used 3751K, capacity 3960K, committed 3968K, reserved 1048576K
}
Event: 2.560 GC heap before
{Heap before GC invocations=4 (full 0):
 garbage-first heap   total 98304K, used 43334K [0x00000000a0e00000, 0x0000000100000000)
  region size 1024K, 27 young (27648K), 5 survivors (5120K)
 Metaspace       used 35313K, capacity 35767K, committed 35840K, reserved 1081344K
  class space    used 4331K, capacity 4539K, committed 4608K, reserved 1048576K
}
Event: 2.583 GC heap after
{Heap after GC invocations=5 (full 0):
 garbage-first heap   total 98304K, used 26278K [0x00000000a0e00000, 0x0000000100000000)
  region size 1024K, 4 young (4096K), 4 survivors (4096K)
 Metaspace       used 35313K, capacity 35767K, committed 35840K, reserved 1081344K
  class space    used 4331K, capacity 4539K, committed 4608K, reserved 1048576K
}
Event: 3.235 GC heap before
{Heap before GC invocations=6 (full 0):
 garbage-first heap   total 98304K, used 69286K [0x00000000a0e00000, 0x0000000100000000)
  region size 1024K, 46 young (47104K), 4 survivors (4096K)
 Metaspace       used 42830K, capacity 43404K, committed 43520K, reserved 1087488K
  class space    used 5071K, capacity 5289K, committed 5376K, reserved 1048576K
}

