# JRE version: OpenJDK Runtime Environment (11.0.13) (build 11.0.13+0-b1751.21-8125866)
# Java VM: OpenJDK 64-Bit Server VM (11.0.13+0-b1751.21-8125866, mixed mode, tiered, compressed oops, g1 gc, windows-amd64)
Heap:
 garbage-first heap   total 206848K, used 99763K [0x00000000a0000000, 0x0000000100000000)
  region size 1024K, 4 young (4096K), 4 survivors (4096K)
 Metaspace       used 94918K, capacity 97031K, committed 97392K, reserved 1134592K
  class space    used 11939K, capacity 12794K, committed 13004K, reserved 1048576K
GC Heap History (20 events):
Event: 15.202 GC heap after
{Heap after GC invocations=31 (full 0):
 garbage-first heap   total 172032K, used 104063K [0x00000000a0000000, 0x0000000100000000)
  region size 1024K, 2 young (2048K), 2 survivors (2048K)
 Metaspace       used 89152K, capacity 91371K, committed 91504K, reserved 1128448K
  class space    used 11509K, capacity 12379K, committed 12492K, reserved 1048576K
}
Event: 15.687 GC heap before
{Heap before GC invocations=32 (full 0):
 garbage-first heap   total 172032K, used 135807K [0x00000000a0000000, 0x0000000100000000)
  region size 1024K, 26 young (26624K), 2 survivors (2048K)
 Metaspace       used 89159K, capacity 91212K, committed 91760K, reserved 1128448K
  class space    used 11437K, capacity 12256K, committed 12492K, reserved 1048576K
}
Event: 15.696 GC heap after
{Heap after GC invocations=33 (full 0):
 garbage-first heap   total 172032K, used 108025K [0x00000000a0000000, 0x0000000100000000)
  region size 1024K, 4 young (4096K), 4 survivors (4096K)
 Metaspace       used 89159K, capacity 91212K, committed 91760K, reserved 1128448K
  class space    used 11437K, capacity 12256K, committed 12492K, reserved 1048576K
}
Event: 15.968 GC heap before
{Heap before GC invocations=33 (full 0):
 garbage-first heap   total 172032K, used 123385K [0x00000000a0000000, 0x0000000100000000)
  region size 1024K, 21 young (21504K), 4 survivors (4096K)
 Metaspace       used 89241K, capacity 91280K, committed 92016K, reserved 1128448K
  class space    used 11444K, capacity 12257K, committed 12492K, reserved 1048576K
}
Event: 15.980 GC heap after
{Heap after GC invocations=34 (full 0):
 garbage-first heap   total 172032K, used 113460K [0x00000000a0000000, 0x0000000100000000)
  region size 1024K, 4 young (4096K), 4 survivors (4096K)
 Metaspace       used 89241K, capacity 91280K, committed 92016K, reserved 1128448K
  class space    used 11444K, capacity 12257K, committed 12492K, reserved 1048576K
}
Event: 16.238 GC heap before
{Heap before GC invocations=35 (full 0):
 garbage-first heap   total 172032K, used 150324K [0x00000000a0000000, 0x0000000100000000)
  region size 1024K, 24 young (24576K), 4 survivors (4096K)
 Metaspace       used 89695K, capacity 91700K, committed 92272K, reserved 1128448K
  class space    used 11484K, capacity 12275K, committed 12492K, reserved 1048576K
}
Event: 16.248 GC heap after
{Heap after GC invocations=36 (full 0):
 garbage-first heap   total 172032K, used 117168K [0x00000000a0000000, 0x0000000100000000)
  region size 1024K, 3 young (3072K), 3 survivors (3072K)
 Metaspace       used 89695K, capacity 91700K, committed 92272K, reserved 1128448K
  class space    used 11484K, capacity 12275K, committed 12492K, reserved 1048576K
}
Event: 16.412 GC heap before
{Heap before GC invocations=36 (full 0):
 garbage-first heap   total 172032K, used 135600K [0x00000000a0000000, 0x0000000100000000)
  region size 1024K, 22 young (22528K), 3 survivors (3072K)
 Metaspace       used 90765K, capacity 92814K, committed 93424K, reserved 1130496K
  class space    used 11586K, capacity 12382K, committed 12620K, reserved 1048576K
}
Event: 16.419 GC heap after
{Heap after GC invocations=37 (full 0):
 garbage-first heap   total 172032K, used 121309K [0x00000000a0000000, 0x0000000100000000)
  region size 1024K, 3 young (3072K), 3 survivors (3072K)
 Metaspace       used 90765K, capacity 92814K, committed 93424K, reserved 1130496K
  class space    used 11586K, capacity 12382K, committed 12620K, reserved 1048576K
}
Event: 16.659 GC heap before
{Heap before GC invocations=38 (full 0):
 garbage-first heap   total 172032K, used 127453K [0x00000000a0000000, 0x0000000100000000)
  region size 1024K, 21 young (21504K), 3 survivors (3072K)
 Metaspace       used 93210K, capacity 95314K, committed 95984K, reserved 1132544K
  class space    used 11802K, capacity 12615K, committed 12876K, reserved 1048576K
}
Event: 16.664 GC heap after
{Heap after GC invocations=39 (full 0):
 garbage-first heap   total 172032K, used 111783K [0x00000000a0000000, 0x0000000100000000)
  region size 1024K, 2 young (2048K), 2 survivors (2048K)
 Metaspace       used 93210K, capacity 95314K, committed 95984K, reserved 1132544K
  class space    used 11802K, capacity 12615K, committed 12876K, reserved 1048576K
}
Event: 16.702 GC heap before
{Heap before GC invocations=39 (full 0):
 garbage-first heap   total 172032K, used 116903K [0x00000000a0000000, 0x0000000100000000)
  region size 1024K, 8 young (8192K), 2 survivors (2048K)
 Metaspace       used 93232K, capacity 95314K, committed 95984K, reserved 1132544K
  class space    used 11802K, capacity 12615K, committed 12876K, reserved 1048576K
}
Event: 16.707 GC heap after
{Heap after GC invocations=40 (full 0):
 garbage-first heap   total 172032K, used 95551K [0x00000000a0000000, 0x0000000100000000)
  region size 1024K, 1 young (1024K), 1 survivors (1024K)
 Metaspace       used 93232K, capacity 95314K, committed 95984K, reserved 1132544K
  class space    used 11802K, capacity 12615K, committed 12876K, reserved 1048576K
}
Event: 16.902 GC heap before
{Heap before GC invocations=40 (full 0):
 garbage-first heap   total 172032K, used 125247K [0x00000000a0000000, 0x0000000100000000)
  region size 1024K, 31 young (31744K), 1 survivors (1024K)
 Metaspace       used 93409K, capacity 95507K, committed 95984K, reserved 1132544K
  class space    used 11802K, capacity 12615K, committed 12876K, reserved 1048576K
}
Event: 16.905 GC heap after
{Heap after GC invocations=41 (full 0):
 garbage-first heap   total 172032K, used 96141K [0x00000000a0000000, 0x0000000100000000)
  region size 1024K, 2 young (2048K), 2 survivors (2048K)
 Metaspace       used 93409K, capacity 95507K, committed 95984K, reserved 1132544K
  class space    used 11802K, capacity 12615K, committed 12876K, reserved 1048576K
}
Event: 17.148 GC heap before
{Heap before GC invocations=42 (full 0):
 garbage-first heap   total 172032K, used 127885K [0x00000000a0000000, 0x0000000100000000)
  region size 1024K, 34 young (34816K), 2 survivors (2048K)
 Metaspace       used 94437K, capacity 96568K, committed 97008K, reserved 1134592K
  class space    used 11885K, capacity 12713K, committed 12876K, reserved 1048576K
}
Event: 17.153 GC heap after
{Heap after GC invocations=43 (full 0):
 garbage-first heap   total 172032K, used 96915K [0x00000000a0000000, 0x0000000100000000)
  region size 1024K, 3 young (3072K), 3 survivors (3072K)
 Metaspace       used 94437K, capacity 96568K, committed 97008K, reserved 1134592K
  class space    used 11885K, capacity 12713K, committed 12876K, reserved 1048576K
}
Event: 17.188 GC heap before
{Heap before GC invocations=43 (full 0):
 garbage-first heap   total 172032K, used 102035K [0x00000000a0000000, 0x0000000100000000)
  region size 1024K, 8 young (8192K), 3 survivors (3072K)
 Metaspace       used 94447K, capacity 96568K, committed 97008K, reserved 1134592K
  class space    used 11886K, capacity 12713K, committed 12876K, reserved 1048576K
}
Event: 17.192 GC heap after
{Heap after GC invocations=44 (full 0):
 garbage-first heap   total 172032K, used 96617K [0x00000000a0000000, 0x0000000100000000)
  region size 1024K, 1 young (1024K), 1 survivors (1024K)
 Metaspace       used 94447K, capacity 96568K, committed 97008K, reserved 1134592K
  class space    used 11886K, capacity 12713K, committed 12876K, reserved 1048576K
}
Event: 17.411 GC heap before
{Heap before GC invocations=44 (full 0):
 garbage-first heap   total 172032K, used 130409K [0x00000000a0000000, 0x0000000100000000)
  region size 1024K, 35 young (35840K), 1 survivors (1024K)
 Metaspace       used 94918K, capacity 97031K, committed 97392K, reserved 1134592K
  class space    used 11939K, capacity 12794K, committed 13004K, reserved 1048576K
}

