# JRE version: OpenJDK Runtime Environment (11.0.13) (build 11.0.13+0-b1751.21-8125866)
# Java VM: OpenJDK 64-Bit Server VM (11.0.13+0-b1751.21-8125866, mixed mode, tiered, compressed oops, g1 gc, windows-amd64)
Heap:
 garbage-first heap   total 98304K, used 42711K [0x00000000a0000000, 0x0000000100000000)
  region size 1024K, 29 young (29696K), 3 survivors (3072K)
 Metaspace       used 23205K, capacity 23751K, committed 23804K, reserved 1071104K
  class space    used 2939K, capacity 3137K, committed 3148K, reserved 1048576K
GC Heap History (8 events):
Event: 0.882 GC heap before
{Heap before GC invocations=0 (full 0):
 garbage-first heap   total 98304K, used 29696K [0x00000000a0000000, 0x0000000100000000)
  region size 1024K, 24 young (24576K), 0 survivors (0K)
 Metaspace       used 10096K, capacity 10339K, committed 10624K, reserved 1058816K
  class space    used 1035K, capacity 1106K, committed 1152K, reserved 1048576K
}
Event: 0.890 GC heap after
{Heap after GC invocations=1 (full 0):
 garbage-first heap   total 98304K, used 9255K [0x00000000a0000000, 0x0000000100000000)
  region size 1024K, 3 young (3072K), 3 survivors (3072K)
 Metaspace       used 10096K, capacity 10339K, committed 10624K, reserved 1058816K
  class space    used 1035K, capacity 1106K, committed 1152K, reserved 1048576K
}
Event: 1.625 GC heap before
{Heap before GC invocations=1 (full 0):
 garbage-first heap   total 98304K, used 64551K [0x00000000a0000000, 0x0000000100000000)
  region size 1024K, 57 young (58368K), 3 survivors (3072K)
 Metaspace       used 12032K, capacity 12315K, committed 12416K, reserved 1060864K
  class space    used 1308K, capacity 1381K, committed 1408K, reserved 1048576K
}
Event: 1.634 GC heap after
{Heap after GC invocations=2 (full 0):
 garbage-first heap   total 98304K, used 14109K [0x00000000a0000000, 0x0000000100000000)
  region size 1024K, 8 young (8192K), 8 survivors (8192K)
 Metaspace       used 12032K, capacity 12315K, committed 12416K, reserved 1060864K
  class space    used 1308K, capacity 1381K, committed 1408K, reserved 1048576K
}
Event: 3.279 GC heap before
{Heap before GC invocations=2 (full 0):
 garbage-first heap   total 98304K, used 62237K [0x00000000a0000000, 0x0000000100000000)
  region size 1024K, 56 young (57344K), 8 survivors (8192K)
 Metaspace       used 20444K, capacity 20893K, committed 21120K, reserved 1067008K
  class space    used 2484K, capacity 2648K, committed 2688K, reserved 1048576K
}
Event: 3.287 GC heap after
{Heap after GC invocations=3 (full 0):
 garbage-first heap   total 98304K, used 17092K [0x00000000a0000000, 0x0000000100000000)
  region size 1024K, 3 young (3072K), 3 survivors (3072K)
 Metaspace       used 20444K, capacity 20893K, committed 21120K, reserved 1067008K
  class space    used 2484K, capacity 2648K, committed 2688K, reserved 1048576K
}
Event: 3.333 GC heap before
{Heap before GC invocations=3 (full 0):
 garbage-first heap   total 98304K, used 19140K [0x00000000a0000000, 0x0000000100000000)
  region size 1024K, 6 young (6144K), 3 survivors (3072K)
 Metaspace       used 20772K, capacity 21199K, committed 21296K, reserved 1069056K
  class space    used 2528K, capacity 2686K, committed 2688K, reserved 1048576K
}
Event: 3.337 GC heap after
{Heap after GC invocations=4 (full 0):
 garbage-first heap   total 98304K, used 17111K [0x00000000a0000000, 0x0000000100000000)
  region size 1024K, 3 young (3072K), 3 survivors (3072K)
 Metaspace       used 20772K, capacity 21199K, committed 21296K, reserved 1069056K
  class space    used 2528K, capacity 2686K, committed 2688K, reserved 1048576K
}

