# JRE version: OpenJDK Runtime Environment (11.0.13) (build 11.0.13+0-b1751.21-8125866)
# Java VM: OpenJDK 64-Bit Server VM (11.0.13+0-b1751.21-8125866, mixed mode, tiered, compressed oops, g1 gc, windows-amd64)
Heap:
 garbage-first heap   total 248832K, used 161734K [0x00000000a0000000, 0x0000000100000000)
  region size 1024K, 56 young (57344K), 8 survivors (8192K)
 Metaspace       used 101743K, capacity 104034K, committed 104144K, reserved 1140736K
  class space    used 12625K, capacity 13506K, committed 13600K, reserved 1048576K
GC Heap History (20 events):
Event: 18.460 GC heap before
{Heap before GC invocations=39 (full 0):
 garbage-first heap   total 206848K, used 159876K [0x00000000a0000000, 0x0000000100000000)
  region size 1024K, 28 young (28672K), 1 survivors (1024K)
 Metaspace       used 89879K, capacity 91914K, committed 92496K, reserved 1130496K
  class space    used 11493K, capacity 12278K, committed 12448K, reserved 1048576K
}
Event: 18.465 GC heap after
{Heap after GC invocations=40 (full 0):
 garbage-first heap   total 206848K, used 124271K [0x00000000a0000000, 0x0000000100000000)
  region size 1024K, 4 young (4096K), 4 survivors (4096K)
 Metaspace       used 89879K, capacity 91914K, committed 92496K, reserved 1130496K
  class space    used 11493K, capacity 12278K, committed 12448K, reserved 1048576K
}
Event: 18.764 GC heap before
{Heap before GC invocations=40 (full 0):
 garbage-first heap   total 206848K, used 149871K [0x00000000a0000000, 0x0000000100000000)
  region size 1024K, 30 young (30720K), 4 survivors (4096K)
 Metaspace       used 93124K, capacity 95192K, committed 95568K, reserved 1132544K
  class space    used 11775K, capacity 12573K, committed 12704K, reserved 1048576K
}
Event: 18.773 GC heap after
{Heap after GC invocations=41 (full 0):
 garbage-first heap   total 206848K, used 128145K [0x00000000a0000000, 0x0000000100000000)
  region size 1024K, 4 young (4096K), 4 survivors (4096K)
 Metaspace       used 93124K, capacity 95192K, committed 95568K, reserved 1132544K
  class space    used 11775K, capacity 12573K, committed 12704K, reserved 1048576K
}
Event: 19.085 GC heap before
{Heap before GC invocations=42 (full 0):
 garbage-first heap   total 206848K, used 134289K [0x00000000a0000000, 0x0000000100000000)
  region size 1024K, 30 young (30720K), 4 survivors (4096K)
 Metaspace       used 93374K, capacity 95449K, committed 95824K, reserved 1132544K
  class space    used 11776K, capacity 12573K, committed 12704K, reserved 1048576K
}
Event: 19.092 GC heap after
{Heap after GC invocations=43 (full 0):
 garbage-first heap   total 206848K, used 109459K [0x00000000a0000000, 0x0000000100000000)
  region size 1024K, 2 young (2048K), 2 survivors (2048K)
 Metaspace       used 93374K, capacity 95449K, committed 95824K, reserved 1132544K
  class space    used 11776K, capacity 12573K, committed 12704K, reserved 1048576K
}
Event: 19.139 GC heap before
{Heap before GC invocations=43 (full 0):
 garbage-first heap   total 206848K, used 116627K [0x00000000a0000000, 0x0000000100000000)
  region size 1024K, 10 young (10240K), 2 survivors (2048K)
 Metaspace       used 93640K, capacity 95673K, committed 96208K, reserved 1132544K
  class space    used 11796K, capacity 12605K, committed 12832K, reserved 1048576K
}
Event: 19.142 GC heap after
{Heap after GC invocations=44 (full 0):
 garbage-first heap   total 206848K, used 98425K [0x00000000a0000000, 0x0000000100000000)
  region size 1024K, 1 young (1024K), 1 survivors (1024K)
 Metaspace       used 93640K, capacity 95673K, committed 96208K, reserved 1132544K
  class space    used 11796K, capacity 12605K, committed 12832K, reserved 1048576K
}
Event: 19.459 GC heap before
{Heap before GC invocations=44 (full 0):
 garbage-first heap   total 206848K, used 139385K [0x00000000a0000000, 0x0000000100000000)
  region size 1024K, 42 young (43008K), 1 survivors (1024K)
 Metaspace       used 94153K, capacity 96207K, committed 96720K, reserved 1132544K
  class space    used 11829K, capacity 12610K, committed 12832K, reserved 1048576K
}
Event: 19.465 GC heap after
{Heap after GC invocations=45 (full 0):
 garbage-first heap   total 206848K, used 100376K [0x00000000a0000000, 0x0000000100000000)
  region size 1024K, 3 young (3072K), 3 survivors (3072K)
 Metaspace       used 94153K, capacity 96207K, committed 96720K, reserved 1132544K
  class space    used 11829K, capacity 12610K, committed 12832K, reserved 1048576K
}
Event: 19.840 GC heap before
{Heap before GC invocations=46 (full 0):
 garbage-first heap   total 206848K, used 142360K [0x00000000a0000000, 0x0000000100000000)
  region size 1024K, 46 young (47104K), 3 survivors (3072K)
 Metaspace       used 94503K, capacity 96644K, committed 97232K, reserved 1134592K
  class space    used 11842K, capacity 12641K, committed 12832K, reserved 1048576K
}
Event: 19.850 GC heap after
{Heap after GC invocations=47 (full 0):
 garbage-first heap   total 206848K, used 103288K [0x00000000a0000000, 0x0000000100000000)
  region size 1024K, 6 young (6144K), 6 survivors (6144K)
 Metaspace       used 94503K, capacity 96644K, committed 97232K, reserved 1134592K
  class space    used 11842K, capacity 12641K, committed 12832K, reserved 1048576K
}
Event: 19.876 GC heap before
{Heap before GC invocations=47 (full 0):
 garbage-first heap   total 206848K, used 106360K [0x00000000a0000000, 0x0000000100000000)
  region size 1024K, 10 young (10240K), 6 survivors (6144K)
 Metaspace       used 94514K, capacity 96644K, committed 97232K, reserved 1134592K
  class space    used 11842K, capacity 12641K, committed 12832K, reserved 1048576K
}
Event: 19.886 GC heap after
{Heap after GC invocations=48 (full 0):
 garbage-first heap   total 248832K, used 99328K [0x00000000a0000000, 0x0000000100000000)
  region size 1024K, 1 young (1024K), 1 survivors (1024K)
 Metaspace       used 94514K, capacity 96644K, committed 97232K, reserved 1134592K
  class space    used 11842K, capacity 12641K, committed 12832K, reserved 1048576K
}
Event: 20.895 GC heap before
{Heap before GC invocations=48 (full 0):
 garbage-first heap   total 248832K, used 161792K [0x00000000a0000000, 0x0000000100000000)
  region size 1024K, 63 young (64512K), 1 survivors (1024K)
 Metaspace       used 95252K, capacity 97375K, committed 97744K, reserved 1134592K
  class space    used 11873K, capacity 12675K, committed 12832K, reserved 1048576K
}
Event: 20.904 GC heap after
{Heap after GC invocations=49 (full 0):
 garbage-first heap   total 248832K, used 106299K [0x00000000a0000000, 0x0000000100000000)
  region size 1024K, 8 young (8192K), 8 survivors (8192K)
 Metaspace       used 95252K, capacity 97375K, committed 97744K, reserved 1134592K
  class space    used 11873K, capacity 12675K, committed 12832K, reserved 1048576K
}
Event: 21.966 GC heap before
{Heap before GC invocations=49 (full 0):
 garbage-first heap   total 248832K, used 170811K [0x00000000a0000000, 0x0000000100000000)
  region size 1024K, 72 young (73728K), 8 survivors (8192K)
 Metaspace       used 95826K, capacity 97921K, committed 98256K, reserved 1134592K
  class space    used 11921K, capacity 12746K, committed 12832K, reserved 1048576K
}
Event: 21.978 GC heap after
{Heap after GC invocations=50 (full 0):
 garbage-first heap   total 248832K, used 110775K [0x00000000a0000000, 0x0000000100000000)
  region size 1024K, 5 young (5120K), 5 survivors (5120K)
 Metaspace       used 95826K, capacity 97921K, committed 98256K, reserved 1134592K
  class space    used 11921K, capacity 12746K, committed 12832K, reserved 1048576K
}
Event: 37.986 GC heap before
{Heap before GC invocations=50 (full 0):
 garbage-first heap   total 248832K, used 176311K [0x00000000a0000000, 0x0000000100000000)
  region size 1024K, 70 young (71680K), 5 survivors (5120K)
 Metaspace       used 100604K, capacity 102804K, committed 102992K, reserved 1138688K
  class space    used 12536K, capacity 13410K, committed 13472K, reserved 1048576K
}
Event: 37.994 GC heap after
{Heap after GC invocations=51 (full 0):
 garbage-first heap   total 248832K, used 113606K [0x00000000a0000000, 0x0000000100000000)
  region size 1024K, 8 young (8192K), 8 survivors (8192K)
 Metaspace       used 100604K, capacity 102804K, committed 102992K, reserved 1138688K
  class space    used 12536K, capacity 13410K, committed 13472K, reserved 1048576K
}

